{"/app/src/config/mongooseSetup.ts": {"path":"/app/src/config/mongooseSetup.ts","statementMap":{"0":{"start":{"line":3,"column":0},"end":{"line":3,"column":32}},"1":{"start":{"line":7,"column":16},"end":{"line":7,"column":33}},"2":{"start":{"line":9,"column":2},"end":{"line":14,"column":3}},"3":{"start":{"line":10,"column":4},"end":{"line":10,"column":38}},"4":{"start":{"line":11,"column":4},"end":{"line":11,"column":50}},"5":{"start":{"line":13,"column":4},"end":{"line":13,"column":57}},"6":{"start":{"line":5,"column":0},"end":{"line":5,"column":22}},"7":{"start":{"line":18,"column":2},"end":{"line":18,"column":30}},"8":{"start":{"line":19,"column":2},"end":{"line":19,"column":43}},"9":{"start":{"line":17,"column":0},"end":{"line":17,"column":22}},"10":{"start":{"line":22,"column":0},"end":{"line":22,"column":24}}},"fnMap":{"0":{"name":"setupMongoose","decl":{"start":{"line":5,"column":22},"end":{"line":5,"column":35}},"loc":{"start":{"line":5,"column":35},"end":{"line":15,"column":null}}},"1":{"name":"closeMongooseConnection","decl":{"start":{"line":17,"column":22},"end":{"line":17,"column":45}},"loc":{"start":{"line":17,"column":45},"end":{"line":20,"column":null}}}},"branchMap":{},"s":{"0":1,"1":1,"2":1,"3":1,"4":0,"5":0,"6":1,"7":1,"8":0,"9":1,"10":1},"f":{"0":1,"1":1},"b":{}}
,"/app/src/gateway/user.ts": {"path":"/app/src/gateway/user.ts","statementMap":{"0":{"start":{"line":1,"column":0},"end":{"line":1,"column":45}},"1":{"start":{"line":2,"column":0},"end":{"line":2,"column":35}},"2":{"start":{"line":4,"column":0},"end":{"line":4,"column":45}},"3":{"start":{"line":5,"column":0},"end":{"line":5,"column":40}},"4":{"start":{"line":7,"column":26},"end":{"line":21,"column":2}},"5":{"start":{"line":7,"column":63},"end":{"line":21,"column":2}},"6":{"start":{"line":8,"column":15},"end":{"line":8,"column":25}},"7":{"start":{"line":10,"column":18},"end":{"line":16,"column":4}},"8":{"start":{"line":18,"column":2},"end":{"line":18,"column":23}},"9":{"start":{"line":20,"column":2},"end":{"line":20,"column":17}},"10":{"start":{"line":7,"column":13},"end":{"line":7,"column":26}},"11":{"start":{"line":23,"column":26},"end":{"line":53,"column":2}},"12":{"start":{"line":26,"column":4},"end":{"line":53,"column":2}},"13":{"start":{"line":27,"column":15},"end":{"line":27,"column":25}},"14":{"start":{"line":29,"column":2},"end":{"line":52,"column":3}},"15":{"start":{"line":30,"column":24},"end":{"line":46,"column":6}},"16":{"start":{"line":48,"column":4},"end":{"line":48,"column":23}},"17":{"start":{"line":50,"column":4},"end":{"line":50,"column":45}},"18":{"start":{"line":51,"column":4},"end":{"line":51,"column":16}},"19":{"start":{"line":23,"column":13},"end":{"line":23,"column":26}},"20":{"start":{"line":55,"column":28},"end":{"line":64,"column":2}},"21":{"start":{"line":55,"column":76},"end":{"line":64,"column":2}},"22":{"start":{"line":56,"column":2},"end":{"line":61,"column":3}},"23":{"start":{"line":57,"column":17},"end":{"line":57,"column":44}},"24":{"start":{"line":58,"column":4},"end":{"line":58,"column":16}},"25":{"start":{"line":60,"column":4},"end":{"line":60,"column":44}},"26":{"start":{"line":63,"column":2},"end":{"line":63,"column":14}},"27":{"start":{"line":55,"column":13},"end":{"line":55,"column":28}},"28":{"start":{"line":66,"column":27},"end":{"line":70,"column":2}},"29":{"start":{"line":66,"column":74},"end":{"line":70,"column":2}},"30":{"start":{"line":67,"column":15},"end":{"line":67,"column":51}},"31":{"start":{"line":69,"column":2},"end":{"line":69,"column":14}},"32":{"start":{"line":66,"column":13},"end":{"line":66,"column":27}},"33":{"start":{"line":73,"column":36},"end":{"line":86,"column":4}},"34":{"start":{"line":74,"column":2},"end":{"line":86,"column":4}},"35":{"start":{"line":75,"column":4},"end":{"line":85,"column":7}},"36":{"start":{"line":76,"column":6},"end":{"line":78,"column":7}},"37":{"start":{"line":77,"column":8},"end":{"line":77,"column":17}},"38":{"start":{"line":79,"column":6},"end":{"line":84,"column":9}},"39":{"start":{"line":80,"column":8},"end":{"line":82,"column":9}},"40":{"start":{"line":81,"column":10},"end":{"line":81,"column":19}},"41":{"start":{"line":83,"column":8},"end":{"line":83,"column":26}},"42":{"start":{"line":73,"column":13},"end":{"line":73,"column":36}},"43":{"start":{"line":88,"column":31},"end":{"line":96,"column":4}},"44":{"start":{"line":89,"column":2},"end":{"line":96,"column":4}},"45":{"start":{"line":90,"column":4},"end":{"line":95,"column":7}},"46":{"start":{"line":91,"column":6},"end":{"line":93,"column":7}},"47":{"start":{"line":92,"column":8},"end":{"line":92,"column":17}},"48":{"start":{"line":94,"column":6},"end":{"line":94,"column":19}},"49":{"start":{"line":88,"column":13},"end":{"line":88,"column":31}}},"fnMap":{"0":{"name":"(anonymous_14)","decl":{"start":{"line":7,"column":26},"end":{"line":7,"column":33}},"loc":{"start":{"line":7,"column":63},"end":{"line":21,"column":2}}},"1":{"name":"(anonymous_15)","decl":{"start":{"line":7,"column":63},"end":{"line":7,"column":null}},"loc":{"start":{"line":7,"column":63},"end":{"line":21,"column":1}}},"2":{"name":"(anonymous_16)","decl":{"start":{"line":23,"column":26},"end":{"line":23,"column":null}},"loc":{"start":{"line":26,"column":4},"end":{"line":53,"column":2}}},"3":{"name":"(anonymous_17)","decl":{"start":{"line":26,"column":4},"end":{"line":26,"column":null}},"loc":{"start":{"line":26,"column":4},"end":{"line":53,"column":1}}},"4":{"name":"(anonymous_18)","decl":{"start":{"line":55,"column":28},"end":{"line":55,"column":35}},"loc":{"start":{"line":55,"column":76},"end":{"line":64,"column":2}}},"5":{"name":"(anonymous_19)","decl":{"start":{"line":55,"column":76},"end":{"line":55,"column":null}},"loc":{"start":{"line":55,"column":76},"end":{"line":64,"column":1}}},"6":{"name":"(anonymous_20)","decl":{"start":{"line":66,"column":27},"end":{"line":66,"column":34}},"loc":{"start":{"line":66,"column":74},"end":{"line":70,"column":2}}},"7":{"name":"(anonymous_21)","decl":{"start":{"line":66,"column":74},"end":{"line":66,"column":null}},"loc":{"start":{"line":66,"column":74},"end":{"line":70,"column":1}}},"8":{"name":"(anonymous_22)","decl":{"start":{"line":73,"column":36},"end":{"line":73,"column":37}},"loc":{"start":{"line":74,"column":2},"end":{"line":86,"column":4}}},"9":{"name":"(anonymous_23)","decl":{"start":{"line":74,"column":22},"end":{"line":74,"column":23}},"loc":{"start":{"line":74,"column":35},"end":{"line":86,"column":3}}},"10":{"name":"(anonymous_24)","decl":{"start":{"line":75,"column":23},"end":{"line":75,"column":33}},"loc":{"start":{"line":75,"column":42},"end":{"line":85,"column":5}}},"11":{"name":"(anonymous_25)","decl":{"start":{"line":79,"column":37},"end":{"line":79,"column":47}},"loc":{"start":{"line":79,"column":56},"end":{"line":84,"column":7}}},"12":{"name":"(anonymous_26)","decl":{"start":{"line":88,"column":31},"end":{"line":88,"column":32}},"loc":{"start":{"line":89,"column":2},"end":{"line":96,"column":4}}},"13":{"name":"(anonymous_27)","decl":{"start":{"line":89,"column":23},"end":{"line":89,"column":24}},"loc":{"start":{"line":89,"column":36},"end":{"line":96,"column":3}}},"14":{"name":"(anonymous_28)","decl":{"start":{"line":90,"column":32},"end":{"line":90,"column":42}},"loc":{"start":{"line":90,"column":68},"end":{"line":95,"column":5}}}},"branchMap":{"0":{"loc":{"start":{"line":34,"column":17},"end":{"line":34,"column":48}},"type":"binary-expr","locations":[{"start":{"line":34,"column":17},"end":{"line":34,"column":34}},{"start":{"line":34,"column":38},"end":{"line":34,"column":48}}]},"1":{"loc":{"start":{"line":35,"column":21},"end":{"line":35,"column":60}},"type":"binary-expr","locations":[{"start":{"line":35,"column":21},"end":{"line":35,"column":42}},{"start":{"line":35,"column":46},"end":{"line":35,"column":60}}]},"2":{"loc":{"start":{"line":36,"column":20},"end":{"line":36,"column":57}},"type":"binary-expr","locations":[{"start":{"line":36,"column":20},"end":{"line":36,"column":40}},{"start":{"line":36,"column":44},"end":{"line":36,"column":57}}]},"3":{"loc":{"start":{"line":38,"column":20},"end":{"line":38,"column":66}},"type":"binary-expr","locations":[{"start":{"line":38,"column":20},"end":{"line":38,"column":49}},{"start":{"line":38,"column":53},"end":{"line":38,"column":66}}]},"4":{"loc":{"start":{"line":39,"column":21},"end":{"line":39,"column":60}},"type":"binary-expr","locations":[{"start":{"line":39,"column":21},"end":{"line":39,"column":42}},{"start":{"line":39,"column":46},"end":{"line":39,"column":60}}]},"5":{"loc":{"start":{"line":40,"column":19},"end":{"line":40,"column":54}},"type":"binary-expr","locations":[{"start":{"line":40,"column":19},"end":{"line":40,"column":38}},{"start":{"line":40,"column":42},"end":{"line":40,"column":54}}]},"6":{"loc":{"start":{"line":42,"column":12},"end":{"line":42,"column":79}},"type":"binary-expr","locations":[{"start":{"line":42,"column":12},"end":{"line":42,"column":47}},{"start":{"line":42,"column":51},"end":{"line":42,"column":79}}]},"7":{"loc":{"start":{"line":76,"column":6},"end":{"line":78,"column":7}},"type":"if","locations":[{"start":{"line":76,"column":6},"end":{"line":78,"column":7}}]},"8":{"loc":{"start":{"line":80,"column":8},"end":{"line":82,"column":9}},"type":"if","locations":[{"start":{"line":80,"column":8},"end":{"line":82,"column":9}}]},"9":{"loc":{"start":{"line":91,"column":6},"end":{"line":93,"column":7}},"type":"if","locations":[{"start":{"line":91,"column":6},"end":{"line":93,"column":7}}]}},"s":{"0":1,"1":1,"2":1,"3":1,"4":1,"5":0,"6":0,"7":0,"8":0,"9":0,"10":1,"11":1,"12":0,"13":0,"14":0,"15":0,"16":0,"17":0,"18":0,"19":1,"20":1,"21":0,"22":0,"23":0,"24":0,"25":0,"26":0,"27":1,"28":1,"29":0,"30":0,"31":0,"32":1,"33":1,"34":0,"35":0,"36":0,"37":0,"38":0,"39":0,"40":0,"41":0,"42":1,"43":1,"44":0,"45":0,"46":0,"47":0,"48":0,"49":1},"f":{"0":0,"1":0,"2":0,"3":0,"4":0,"5":0,"6":0,"7":0,"8":0,"9":0,"10":0,"11":0,"12":0,"13":0,"14":0},"b":{"0":[0,0],"1":[0,0],"2":[0,0],"3":[0,0],"4":[0,0],"5":[0,0],"6":[0,0],"7":[0],"8":[0],"9":[0]}}
,"/app/src/helpers/logger.ts": {"path":"/app/src/helpers/logger.ts","statementMap":{"0":{"start":{"line":1,"column":13},"end":{"line":1,"column":44}},"1":{"start":{"line":2,"column":19},"end":{"line":8,"column":1}},"2":{"start":{"line":5,"column":2},"end":{"line":7,"column":3}},"3":{"start":{"line":6,"column":4},"end":{"line":6,"column":21}},"4":{"start":{"line":2,"column":13},"end":{"line":2,"column":19}},"5":{"start":{"line":10,"column":24},"end":{"line":14,"column":1}},"6":{"start":{"line":11,"column":2},"end":{"line":13,"column":3}},"7":{"start":{"line":12,"column":4},"end":{"line":12,"column":23}},"8":{"start":{"line":10,"column":13},"end":{"line":10,"column":24}}},"fnMap":{"0":{"name":"(anonymous_0)","decl":{"start":{"line":2,"column":19},"end":{"line":2,"column":20}},"loc":{"start":{"line":2,"column":35},"end":{"line":8,"column":1}}},"1":{"name":"(anonymous_1)","decl":{"start":{"line":10,"column":24},"end":{"line":10,"column":25}},"loc":{"start":{"line":10,"column":40},"end":{"line":14,"column":1}}}},"branchMap":{"0":{"loc":{"start":{"line":5,"column":2},"end":{"line":7,"column":3}},"type":"if","locations":[{"start":{"line":5,"column":2},"end":{"line":7,"column":3}}]},"1":{"loc":{"start":{"line":11,"column":2},"end":{"line":13,"column":3}},"type":"if","locations":[{"start":{"line":11,"column":2},"end":{"line":13,"column":3}}]}},"s":{"0":1,"1":1,"2":0,"3":0,"4":1,"5":1,"6":0,"7":0,"8":1},"f":{"0":0,"1":0},"b":{"0":[0],"1":[0]}}
,"/app/src/schema/User.ts": {"path":"/app/src/schema/User.ts","statementMap":{"0":{"start":{"line":1,"column":0},"end":{"line":1,"column":51}},"1":{"start":{"line":2,"column":0},"end":{"line":2,"column":35}},"2":{"start":{"line":3,"column":0},"end":{"line":3,"column":40}},"3":{"start":{"line":21,"column":19},"end":{"line":32,"column":2}},"4":{"start":{"line":34,"column":0},"end":{"line":53,"column":3}},"5":{"start":{"line":35,"column":15},"end":{"line":35,"column":19}},"6":{"start":{"line":37,"column":2},"end":{"line":52,"column":3}},"7":{"start":{"line":38,"column":4},"end":{"line":49,"column":7}},"8":{"start":{"line":39,"column":6},"end":{"line":41,"column":7}},"9":{"start":{"line":40,"column":8},"end":{"line":40,"column":25}},"10":{"start":{"line":42,"column":6},"end":{"line":48,"column":9}},"11":{"start":{"line":43,"column":8},"end":{"line":45,"column":9}},"12":{"start":{"line":44,"column":10},"end":{"line":44,"column":27}},"13":{"start":{"line":46,"column":8},"end":{"line":46,"column":29}},"14":{"start":{"line":47,"column":8},"end":{"line":47,"column":15}},"15":{"start":{"line":51,"column":4},"end":{"line":51,"column":18}},"16":{"start":{"line":55,"column":0},"end":{"line":68,"column":2}},"17":{"start":{"line":61,"column":4},"end":{"line":66,"column":7}},"18":{"start":{"line":62,"column":6},"end":{"line":64,"column":7}},"19":{"start":{"line":63,"column":8},"end":{"line":63,"column":23}},"20":{"start":{"line":65,"column":6},"end":{"line":65,"column":24}},"21":{"start":{"line":70,"column":13},"end":{"line":70,"column":54}},"22":{"start":{"line":72,"column":0},"end":{"line":72,"column":20}}},"fnMap":{"0":{"name":"(anonymous_6)","decl":{"start":{"line":34,"column":23},"end":{"line":34,"column":33}},"loc":{"start":{"line":34,"column":37},"end":{"line":53,"column":1}}},"1":{"name":"(anonymous_7)","decl":{"start":{"line":38,"column":23},"end":{"line":38,"column":33}},"loc":{"start":{"line":38,"column":42},"end":{"line":49,"column":5}}},"2":{"name":"(anonymous_8)","decl":{"start":{"line":42,"column":39},"end":{"line":42,"column":49}},"loc":{"start":{"line":42,"column":58},"end":{"line":48,"column":7}}},"3":{"name":"(anonymous_9)","decl":{"start":{"line":57,"column":2},"end":{"line":57,"column":null}},"loc":{"start":{"line":59,"column":61},"end":{"line":67,"column":3}}},"4":{"name":"(anonymous_10)","decl":{"start":{"line":61,"column":41},"end":{"line":61,"column":51}},"loc":{"start":{"line":61,"column":63},"end":{"line":66,"column":5}}}},"branchMap":{"0":{"loc":{"start":{"line":37,"column":2},"end":{"line":52,"column":3}},"type":"if","locations":[{"start":{"line":37,"column":2},"end":{"line":52,"column":3}},{"start":{"line":50,"column":9},"end":{"line":52,"column":3}}]},"1":{"loc":{"start":{"line":37,"column":6},"end":{"line":37,"column":47}},"type":"binary-expr","locations":[{"start":{"line":37,"column":6},"end":{"line":37,"column":33}},{"start":{"line":37,"column":37},"end":{"line":37,"column":47}}]},"2":{"loc":{"start":{"line":39,"column":6},"end":{"line":41,"column":7}},"type":"if","locations":[{"start":{"line":39,"column":6},"end":{"line":41,"column":7}}]},"3":{"loc":{"start":{"line":43,"column":8},"end":{"line":45,"column":9}},"type":"if","locations":[{"start":{"line":43,"column":8},"end":{"line":45,"column":9}}]},"4":{"loc":{"start":{"line":62,"column":6},"end":{"line":64,"column":7}},"type":"if","locations":[{"start":{"line":62,"column":6},"end":{"line":64,"column":7}}]}},"s":{"0":1,"1":1,"2":1,"3":1,"4":1,"5":0,"6":0,"7":0,"8":0,"9":0,"10":0,"11":0,"12":0,"13":0,"14":0,"15":0,"16":1,"17":0,"18":0,"19":0,"20":0,"21":1,"22":1},"f":{"0":0,"1":0,"2":0,"3":0,"4":0},"b":{"0":[0,0],"1":[0,0],"2":[0],"3":[0],"4":[0]}}
,"/app/src/shared/enums.ts": {"path":"/app/src/shared/enums.ts","statementMap":{"0":{"start":{"line":1,"column":0},"end":{"line":1,"column":null}},"1":{"start":{"line":2,"column":2},"end":{"line":2,"column":null}},"2":{"start":{"line":3,"column":2},"end":{"line":3,"column":null}},"3":{"start":{"line":4,"column":2},"end":{"line":4,"column":null}},"4":{"start":{"line":5,"column":2},"end":{"line":5,"column":null}},"5":{"start":{"line":8,"column":0},"end":{"line":8,"column":null}},"6":{"start":{"line":9,"column":2},"end":{"line":9,"column":null}},"7":{"start":{"line":10,"column":2},"end":{"line":10,"column":null}},"8":{"start":{"line":11,"column":2},"end":{"line":11,"column":null}},"9":{"start":{"line":12,"column":2},"end":{"line":12,"column":null}}},"fnMap":{"0":{"name":"(anonymous_0)","decl":{"start":{"line":1,"column":0},"end":{"line":1,"column":12}},"loc":{"start":{"line":1,"column":17},"end":{"line":6,"column":1}}},"1":{"name":"(anonymous_1)","decl":{"start":{"line":8,"column":0},"end":{"line":8,"column":12}},"loc":{"start":{"line":8,"column":26},"end":{"line":13,"column":1}}}},"branchMap":{"0":{"loc":{"start":{"line":1,"column":12},"end":{"line":1,"column":null}},"type":"binary-expr","locations":[{"start":{"line":1,"column":12},"end":{"line":1,"column":17}},{"start":{"line":1,"column":17},"end":{"line":1,"column":null}}]},"1":{"loc":{"start":{"line":8,"column":12},"end":{"line":8,"column":null}},"type":"binary-expr","locations":[{"start":{"line":8,"column":12},"end":{"line":8,"column":26}},{"start":{"line":8,"column":26},"end":{"line":8,"column":null}}]}},"s":{"0":1,"1":1,"2":1,"3":1,"4":1,"5":1,"6":1,"7":1,"8":1,"9":1},"f":{"0":1,"1":1},"b":{"0":[1,1],"1":[1,1]}}
,"/app/src/tests/fixtures/users.ts": {"path":"/app/src/tests/fixtures/users.ts","statementMap":{"0":{"start":{"line":1,"column":0},"end":{"line":1,"column":43}},"1":{"start":{"line":4,"column":13},"end":{"line":12,"column":2}},"2":{"start":{"line":14,"column":13},"end":{"line":22,"column":2}},"3":{"start":{"line":24,"column":13},"end":{"line":32,"column":2}},"4":{"start":{"line":34,"column":13},"end":{"line":42,"column":2}},"5":{"start":{"line":44,"column":13},"end":{"line":52,"column":2}}},"fnMap":{},"branchMap":{},"s":{"0":1,"1":1,"2":1,"3":1,"4":1,"5":1},"f":{},"b":{}}
}
