TN:
SF:src/config/mongooseSetup.ts
FN:5,setupMongoose
FN:17,closeMongooseConnection
FNF:2
FNH:2
FNDA:1,setupMongoose
FNDA:1,closeMongooseConnection
DA:3,1
DA:5,1
DA:7,1
DA:9,1
DA:10,1
DA:11,0
DA:13,0
DA:17,1
DA:18,1
DA:19,0
DA:22,1
LF:11
LH:8
BRF:0
BRH:0
end_of_record
TN:
SF:src/gateway/user.ts
FN:7,(anonymous_14)
FN:7,(anonymous_15)
FN:23,(anonymous_16)
FN:26,(anonymous_17)
FN:55,(anonymous_18)
FN:55,(anonymous_19)
FN:66,(anonymous_20)
FN:66,(anonymous_21)
FN:73,(anonymous_22)
FN:74,(anonymous_23)
FN:75,(anonymous_24)
FN:79,(anonymous_25)
FN:88,(anonymous_26)
FN:89,(anonymous_27)
FN:90,(anonymous_28)
FNF:15
FNH:0
FNDA:0,(anonymous_14)
FNDA:0,(anonymous_15)
FNDA:0,(anonymous_16)
FNDA:0,(anonymous_17)
FNDA:0,(anonymous_18)
FNDA:0,(anonymous_19)
FNDA:0,(anonymous_20)
FNDA:0,(anonymous_21)
FNDA:0,(anonymous_22)
FNDA:0,(anonymous_23)
FNDA:0,(anonymous_24)
FNDA:0,(anonymous_25)
FNDA:0,(anonymous_26)
FNDA:0,(anonymous_27)
FNDA:0,(anonymous_28)
DA:1,1
DA:2,1
DA:4,1
DA:5,1
DA:7,1
DA:8,0
DA:10,0
DA:18,0
DA:20,0
DA:23,1
DA:26,0
DA:27,0
DA:29,0
DA:30,0
DA:48,0
DA:50,0
DA:51,0
DA:55,1
DA:56,0
DA:57,0
DA:58,0
DA:60,0
DA:63,0
DA:66,1
DA:67,0
DA:69,0
DA:73,1
DA:74,0
DA:75,0
DA:76,0
DA:77,0
DA:79,0
DA:80,0
DA:81,0
DA:83,0
DA:88,1
DA:89,0
DA:90,0
DA:91,0
DA:92,0
DA:94,0
LF:41
LH:10
BRDA:34,0,0,0
BRDA:34,0,1,0
BRDA:35,1,0,0
BRDA:35,1,1,0
BRDA:36,2,0,0
BRDA:36,2,1,0
BRDA:38,3,0,0
BRDA:38,3,1,0
BRDA:39,4,0,0
BRDA:39,4,1,0
BRDA:40,5,0,0
BRDA:40,5,1,0
BRDA:42,6,0,0
BRDA:42,6,1,0
BRDA:76,7,0,0
BRDA:80,8,0,0
BRDA:91,9,0,0
BRF:17
BRH:0
end_of_record
TN:
SF:src/helpers/logger.ts
FN:2,(anonymous_0)
FN:10,(anonymous_1)
FNF:2
FNH:0
FNDA:0,(anonymous_0)
FNDA:0,(anonymous_1)
DA:1,1
DA:2,1
DA:5,0
DA:6,0
DA:10,1
DA:11,0
DA:12,0
LF:7
LH:3
BRDA:5,0,0,0
BRDA:11,1,0,0
BRF:2
BRH:0
end_of_record
TN:
SF:src/schema/User.ts
FN:34,(anonymous_6)
FN:38,(anonymous_7)
FN:42,(anonymous_8)
FN:57,(anonymous_9)
FN:61,(anonymous_10)
FNF:5
FNH:0
FNDA:0,(anonymous_6)
FNDA:0,(anonymous_7)
FNDA:0,(anonymous_8)
FNDA:0,(anonymous_9)
FNDA:0,(anonymous_10)
DA:1,1
DA:2,1
DA:3,1
DA:21,1
DA:34,1
DA:35,0
DA:37,0
DA:38,0
DA:39,0
DA:40,0
DA:42,0
DA:43,0
DA:44,0
DA:46,0
DA:47,0
DA:51,0
DA:55,1
DA:61,0
DA:62,0
DA:63,0
DA:65,0
DA:70,1
DA:72,1
LF:23
LH:8
BRDA:37,0,0,0
BRDA:37,0,1,0
BRDA:37,1,0,0
BRDA:37,1,1,0
BRDA:39,2,0,0
BRDA:43,3,0,0
BRDA:62,4,0,0
BRF:7
BRH:0
end_of_record
TN:
SF:src/shared/enums.ts
FN:1,(anonymous_0)
FN:8,(anonymous_1)
FNF:2
FNH:2
FNDA:1,(anonymous_0)
FNDA:1,(anonymous_1)
DA:1,1
DA:2,1
DA:3,1
DA:4,1
DA:5,1
DA:8,1
DA:9,1
DA:10,1
DA:11,1
DA:12,1
LF:10
LH:10
BRDA:1,0,0,1
BRDA:1,0,1,1
BRDA:8,1,0,1
BRDA:8,1,1,1
BRF:4
BRH:4
end_of_record
TN:
SF:src/tests/fixtures/users.ts
FNF:0
FNH:0
DA:1,1
DA:4,1
DA:14,1
DA:24,1
DA:34,1
DA:44,1
LF:6
LH:6
BRF:0
BRH:0
end_of_record
